<?xml version="1.0" encoding="UTF-8"?>
<!-- Generated by org.testng.reporters.JUnitXMLReporter -->
<testsuite hostname="DESKTOP-K7L8TBA" ignored="0" name="Test" tests="4" failures="2" timestamp="2020-01-12T14:17:20 EST" time="113.987" errors="0">
  <testcase name="logoAndLogin" time="19.795" classname="com.class02.SoftAssertionDemo">
    <failure type="java.lang.AssertionError" message="The following asserts failed:
	Logo is NOT displayed did not expect to find [true] but found [false]">
      <![CDATA[java.lang.AssertionError: The following asserts failed:
Logo is NOT displayed did not expect to find [true] but found [false]
at com.class02.SoftAssertionDemo.logoAndLogin(SoftAssertionDemo.java:41)
at java.util.ArrayList.forEach(Unknown Source)
... Removed 29 stack frames]]>
    </failure>
  </testcase> <!-- logoAndLogin -->
  <testcase name="logoValidation" time="0.08" classname="com.class02.AssertionsDemo"/>
  <testcase name="titleValidation" time="0.011" classname="com.class02.AssertionsDemo">
    <failure type="java.lang.AssertionError" message="Titles are NOT matched expected [Human Management Systems] but found [Human Management System]">
      <![CDATA[java.lang.AssertionError: Titles are NOT matched expected [Human Management Systems] but found [Human Management System]
at com.class02.AssertionsDemo.titleValidation(AssertionsDemo.java:22)
at java.util.ArrayList.forEach(Unknown Source)
... Removed 31 stack frames]]>
    </failure>
  </testcase> <!-- titleValidation -->
  <testcase name="test" time="0.002" classname="com.class01.DifferentAnnotations"/>
</testsuite> <!-- Test -->
